<?xml version="1.0" encoding="UTF-8"?>
<testng-results ignored="0" total="2" passed="2"
	failed="0" skipped="0">
	<reporter-output>
	</reporter-output>
	<suite started-at="2025-04-03T01:49:41 IST" name="Default suite"
		finished-at="2025-04-03T01:49:49 IST" duration-ms="7928">
		<groups>
		</groups>
		<test started-at="2025-04-03T01:49:41 IST" name="Default test"
			finished-at="2025-04-03T01:49:49 IST" duration-ms="7928">
			<class name="Generics.Tests">
				<test-method is-config="true"
					signature="base()[pri:0, instance:Generics.Tests@8519cb4]"
					started-at="2025-04-03T01:49:41 IST" name="base"
					finished-at="2025-04-03T01:49:47 IST" duration-ms="6062"
					status="PASS">
					<reporter-output>
					</reporter-output>
				</test-method> <!-- base -->
				<test-method
					signature="test()[pri:1, instance:Generics.Tests@8519cb4]"
					started-at="2025-04-03T01:49:48 IST" name="test"
					finished-at="2025-04-03T01:49:49 IST" duration-ms="1455"
					status="PASS">
					<reporter-output>
					</reporter-output>
				</test-method> <!-- test -->
				<test-method
					signature="back()[pri:2, instance:Generics.Tests@8519cb4]"
					started-at="2025-04-03T01:49:49 IST" name="back"
					finished-at="2025-04-03T01:49:49 IST" duration-ms="320"
					status="PASS">
					<reporter-output>
					</reporter-output>
				</test-method> <!-- back -->
				<test-method is-config="true"
					signature="teardown()[pri:0, instance:Generics.Tests@8519cb4]"
					started-at="2025-04-03T01:49:49 IST" name="teardown"
					finished-at="2025-04-03T01:49:49 IST" duration-ms="1" status="PASS">
					<reporter-output>
					</reporter-output>
				</test-method> <!-- teardown -->
			</class> <!-- Generics.Tests -->
		</test> <!-- Default test -->
	</suite> <!-- Default suite -->
</testng-results>
